# JRE version: OpenJDK Runtime Environment (8.0_112-b06) (build 1.8.0_112-release-b06)
# Java VM: OpenJDK 64-Bit Server VM (25.112-b06 mixed mode windows-amd64 compressed oops)
Heap:
 PSYoungGen      total 444416K, used 282085K [0x00000000e0000000, 0x00000000ffa00000, 0x0000000100000000)
  eden space 376832K, 70% used [0x00000000e0000000,0x00000000f02ff810,0x00000000f7000000)
  from space 67584K, 24% used [0x00000000fb800000,0x00000000fc879f60,0x00000000ffa00000)
  to   space 70656K, 0% used [0x00000000f7000000,0x00000000f7000000,0x00000000fb500000)
 ParOldGen       total 240128K, used 107285K [0x00000000a0000000, 0x00000000aea80000, 0x00000000e0000000)
  object space 240128K, 44% used [0x00000000a0000000,0x00000000a68c5638,0x00000000aea80000)
 Metaspace       used 80222K, capacity 86904K, committed 99712K, reserved 1136640K
  class space    used 9803K, capacity 10534K, committed 11904K, reserved 1048576K
GC Heap History (10 events):
Event: 15379.301 GC heap before
{Heap before GC invocations=86 (full 6):
 PSYoungGen      total 432128K, used 354304K [0x00000000e0000000, 0x00000000ff380000, 0x0000000100000000)
  eden space 354304K, 100% used [0x00000000e0000000,0x00000000f5a00000,0x00000000f5a00000)
  from space 77824K, 0% used [0x00000000f5a00000,0x00000000f5a00000,0x00000000fa600000)
  to   space 73728K, 0% used [0x00000000fab80000,0x00000000fab80000,0x00000000ff380000)
 ParOldGen       total 240128K, used 97364K [0x00000000a0000000, 0x00000000aea80000, 0x00000000e0000000)
  object space 240128K, 40% used [0x00000000a0000000,0x00000000a5f15270,0x00000000aea80000)
 Metaspace       used 75577K, capacity 81762K, committed 99712K, reserved 1136640K
  class space    used 9247K, capacity 9954K, committed 11904K, reserved 1048576K
Event: 15379.331 GC heap after
Heap after GC invocations=86 (full 6):
 PSYoungGen      total 440320K, used 35790K [0x00000000e0000000, 0x00000000ff700000, 0x0000000100000000)
  eden space 366592K, 0% used [0x00000000e0000000,0x00000000e0000000,0x00000000f6600000)
  from space 73728K, 48% used [0x00000000fab80000,0x00000000fce73ac8,0x00000000ff380000)
  to   space 71168K, 0% used [0x00000000f6600000,0x00000000f6600000,0x00000000fab80000)
 ParOldGen       total 240128K, used 97372K [0x00000000a0000000, 0x00000000aea80000, 0x00000000e0000000)
  object space 240128K, 40% used [0x00000000a0000000,0x00000000a5f17270,0x00000000aea80000)
 Metaspace       used 75577K, capacity 81762K, committed 99712K, reserved 1136640K
  class space    used 9247K, capacity 9954K, committed 11904K, reserved 1048576K
}
Event: 23917.793 GC heap before
{Heap before GC invocations=87 (full 6):
 PSYoungGen      total 440320K, used 402382K [0x00000000e0000000, 0x00000000ff700000, 0x0000000100000000)
  eden space 366592K, 100% used [0x00000000e0000000,0x00000000f6600000,0x00000000f6600000)
  from space 73728K, 48% used [0x00000000fab80000,0x00000000fce73ac8,0x00000000ff380000)
  to   space 71168K, 0% used [0x00000000f6600000,0x00000000f6600000,0x00000000fab80000)
 ParOldGen       total 240128K, used 97372K [0x00000000a0000000, 0x00000000aea80000, 0x00000000e0000000)
  object space 240128K, 40% used [0x00000000a0000000,0x00000000a5f17270,0x00000000aea80000)
 Metaspace       used 75642K, capacity 81866K, committed 99712K, reserved 1136640K
  class space    used 9260K, capacity 9966K, committed 11904K, reserved 1048576K
Event: 23917.808 GC heap after
Heap after GC invocations=87 (full 6):
 PSYoungGen      total 437760K, used 1951K [0x00000000e0000000, 0x00000000fff80000, 0x0000000100000000)
  eden space 366592K, 0% used [0x00000000e0000000,0x00000000e0000000,0x00000000f6600000)
  from space 71168K, 2% used [0x00000000f6600000,0x00000000f67e7c30,0x00000000fab80000)
  to   space 72192K, 0% used [0x00000000fb900000,0x00000000fb900000,0x00000000fff80000)
 ParOldGen       total 240128K, used 101264K [0x00000000a0000000, 0x00000000aea80000, 0x00000000e0000000)
  object space 240128K, 42% used [0x00000000a0000000,0x00000000a62e4258,0x00000000aea80000)
 Metaspace       used 75642K, capacity 81866K, committed 99712K, reserved 1136640K
  class space    used 9260K, capacity 9966K, committed 11904K, reserved 1048576K
}
Event: 23921.083 GC heap before
{Heap before GC invocations=88 (full 6):
 PSYoungGen      total 437760K, used 368543K [0x00000000e0000000, 0x00000000fff80000, 0x0000000100000000)
  eden space 366592K, 100% used [0x00000000e0000000,0x00000000f6600000,0x00000000f6600000)
  from space 71168K, 2% used [0x00000000f6600000,0x00000000f67e7c30,0x00000000fab80000)
  to   space 72192K, 0% used [0x00000000fb900000,0x00000000fb900000,0x00000000fff80000)
 ParOldGen       total 240128K, used 101264K [0x00000000a0000000, 0x00000000aea80000, 0x00000000e0000000)
  object space 240128K, 42% used [0x00000000a0000000,0x00000000a62e4258,0x00000000aea80000)
 Metaspace       used 76353K, capacity 82700K, committed 99712K, reserved 1136640K
  class space    used 9333K, capacity 10048K, committed 11904K, reserved 1048576K
Event: 23921.155 GC heap after
Heap after GC invocations=88 (full 6):
 PSYoungGen      total 449024K, used 43326K [0x00000000e0000000, 0x0000000100000000, 0x0000000100000000)
  eden space 376832K, 0% used [0x00000000e0000000,0x00000000e0000000,0x00000000f7000000)
  from space 72192K, 60% used [0x00000000fb900000,0x00000000fe34f960,0x00000000fff80000)
  to   space 73728K, 0% used [0x00000000f7000000,0x00000000f7000000,0x00000000fb800000)
 ParOldGen       total 240128K, used 102096K [0x00000000a0000000, 0x00000000aea80000, 0x00000000e0000000)
  object space 240128K, 42% used [0x00000000a0000000,0x00000000a63b42f8,0x00000000aea80000)
 Metaspace       used 76353K, capacity 82700K, committed 99712K, reserved 1136640K
  class space    used 9333K, capacity 10048K, committed 11904K, reserved 1048576K
}
Event: 26229.108 GC heap before
{Heap before GC invocations=89 (full 6):
 PSYoungGen      total 449024K, used 420158K [0x00000000e0000000, 0x0000000100000000, 0x0000000100000000)
  eden space 376832K, 100% used [0x00000000e0000000,0x00000000f7000000,0x00000000f7000000)
  from space 72192K, 60% used [0x00000000fb900000,0x00000000fe34f960,0x00000000fff80000)
  to   space 73728K, 0% used [0x00000000f7000000,0x00000000f7000000,0x00000000fb800000)
 ParOldGen       total 240128K, used 102096K [0x00000000a0000000, 0x00000000aea80000, 0x00000000e0000000)
  object space 240128K, 42% used [0x00000000a0000000,0x00000000a63b42f8,0x00000000aea80000)
 Metaspace       used 76487K, capacity 82910K, committed 99712K, reserved 1136640K
  class space    used 9356K, capacity 10093K, committed 11904K, reserved 1048576K
Event: 26229.126 GC heap after
Heap after GC invocations=89 (full 6):
 PSYoungGen      total 450560K, used 2606K [0x00000000e0000000, 0x0000000100000000, 0x0000000100000000)
  eden space 376832K, 0% used [0x00000000e0000000,0x00000000e0000000,0x00000000f7000000)
  from space 73728K, 3% used [0x00000000f7000000,0x00000000f728bb38,0x00000000fb800000)
  to   space 73728K, 0% used [0x00000000fb800000,0x00000000fb800000,0x0000000100000000)
 ParOldGen       total 240128K, used 105545K [0x00000000a0000000, 0x00000000aea80000, 0x00000000e0000000)
  object space 240128K, 43% used [0x00000000a0000000,0x00000000a6712518,0x00000000aea80000)
 Metaspace       used 76487K, capacity 82910K, committed 99712K, reserved 1136640K
  class space    used 9356K, capacity 10093K, committed 11904K, reserved 1048576K
}
Event: 26239.284 GC heap before
{Heap before GC invocations=90 (full 6):
 PSYoungGen      total 450560K, used 366327K [0x00000000e0000000, 0x0000000100000000, 0x0000000100000000)
  eden space 376832K, 96% used [0x00000000e0000000,0x00000000f6332368,0x00000000f7000000)
  from space 73728K, 3% used [0x00000000f7000000,0x00000000f728bb38,0x00000000fb800000)
  to   space 73728K, 0% used [0x00000000fb800000,0x00000000fb800000,0x0000000100000000)
 ParOldGen       total 240128K, used 105545K [0x00000000a0000000, 0x00000000aea80000, 0x00000000e0000000)
  object space 240128K, 43% used [0x00000000a0000000,0x00000000a6712518,0x00000000aea80000)
 Metaspace       used 79963K, capacity 86370K, committed 99712K, reserved 1136640K
  class space    used 9778K, capacity 10505K, committed 11904K, reserved 1048576K
Event: 26239.300 GC heap after
Heap after GC invocations=90 (full 6):
 PSYoungGen      total 444416K, used 16871K [0x00000000e0000000, 0x00000000ffa00000, 0x0000000100000000)
  eden space 376832K, 0% used [0x00000000e0000000,0x00000000e0000000,0x00000000f7000000)
  from space 67584K, 24% used [0x00000000fb800000,0x00000000fc879f60,0x00000000ffa00000)
  to   space 70656K, 0% used [0x00000000f7000000,0x00000000f7000000,0x00000000fb500000)
 ParOldGen       total 240128K, used 107285K [0x00000000a0000000, 0x00000000aea80000, 0x00000000e0000000)
  object space 240128K, 44% used [0x00000000a0000000,0x00000000a68c5638,0x00000000aea80000)
 Metaspace       used 79963K, capacity 86370K, committed 99712K, reserved 1136640K
  class space    used 9778K, capacity 10505K, committed 11904K, reserved 1048576K
}

